<?xml version="1.0" encoding="UTF-8"?>
<!-- Generated by org.testng.reporters.JUnitReportReporter -->
<testsuite hostname="Dell-PC" name="frames8amclass.Company" tests="1" failures="0" timestamp="19 Jul 2021 17:24:30 GMT" time="32.865" errors="0">
  <testcase name="testc1" time="32.865" classname="frames8amclass.Company"/>
</testsuite> <!-- frames8amclass.Company -->
